{
  "stats": {
    "suites": 2,
    "tests": 1,
    "passes": 1,
    "pending": 0,
    "failures": 0,
    "start": "2022-04-12T09:00:16.142Z",
    "end": "2022-04-12T09:00:16.522Z",
    "duration": 380,
    "testsRegistered": 1,
    "passPercent": 100,
    "pendingPercent": 0,
    "other": 0,
    "hasOther": false,
    "skipped": 0,
    "hasSkipped": false
  },
  "results": [
    {
      "uuid": "33d9c349-81f3-4c5b-8b00-b4310f9d867e",
      "title": "",
      "fullFile": "cypress/integration/api-tastedive-3.spec.js",
      "file": "cypress/integration/api-tastedive-3.spec.js",
      "beforeHooks": [],
      "afterHooks": [],
      "tests": [],
      "suites": [
        {
          "uuid": "ce611a6c-4d4d-4907-949e-5718b9202b91",
          "title": "Given TasteDive API testing",
          "fullFile": "",
          "file": "",
          "beforeHooks": [],
          "afterHooks": [],
          "tests": [],
          "suites": [
            {
              "uuid": "7b6d80ae-3222-41a1-87ea-57987bbea7af",
              "title": "When a user send GET request to tastedive api/similar with fixtured parameters",
              "fullFile": "",
              "file": "",
              "beforeHooks": [],
              "afterHooks": [],
              "tests": [
                {
                  "title": "then it should get tastedive first indexed fixtured query and print response",
                  "fullTitle": "Given TasteDive API testing When a user send GET request to tastedive api/similar with fixtured parameters then it should get tastedive first indexed fixtured query and print response",
                  "timedOut": null,
                  "duration": 312,
                  "state": "passed",
                  "speed": "fast",
                  "pass": true,
                  "fail": false,
                  "pending": false,
                  "context": null,
                  "code": "//using custom command getTastediveRecommendation\ncy.getTastediveRecommendation(user[0].searchQuery, user[0].additionalInfo, user[0].OptionalQueryType, user[0].OptionalMaxNumberToRetrieve).then(response => {\n  //print response\n  cy.log(JSON.stringify(response)); //expect code 200\n  expect(response.status).to.eq(200); //expect property Similar\n  expect(response.body).to.have.property('Similar'); //expect 2 as results lenght \n  expect(response.body.Similar.Results.length).to.be.eq(2); //expect \"Batman\" as results\n  expect(response.body.Similar.Info[0].Name).to.be.eq(\"Batman\");\n});",
                  "err": {},
                  "uuid": "7741bac9-20c7-4f9c-a47e-306c8b571b63",
                  "parentUUID": "7b6d80ae-3222-41a1-87ea-57987bbea7af",
                  "isHook": false,
                  "skipped": false
                }
              ],
              "suites": [],
              "passes": [
                "7741bac9-20c7-4f9c-a47e-306c8b571b63"
              ],
              "failures": [],
              "pending": [],
              "skipped": [],
              "duration": 312,
              "root": false,
              "rootEmpty": false,
              "_timeout": 2000
            }
          ],
          "passes": [],
          "failures": [],
          "pending": [],
          "skipped": [],
          "duration": 0,
          "root": false,
          "rootEmpty": false,
          "_timeout": 2000
        }
      ],
      "passes": [],
      "failures": [],
      "pending": [],
      "skipped": [],
      "duration": 0,
      "root": true,
      "rootEmpty": true,
      "_timeout": 2000
    }
  ],
  "meta": {
    "mocha": {
      "version": "7.0.1"
    },
    "mochawesome": {
      "options": {
        "quiet": false,
        "reportFilename": "mochawesome",
        "saveHtml": false,
        "saveJson": true,
        "consoleReporter": "spec",
        "useInlineDiffs": false,
        "code": true
      },
      "version": "7.1.3"
    },
    "marge": {
      "options": {
        "reportDir": "cypress/results",
        "overwrite": false,
        "html": false,
        "json": true
      },
      "version": "6.2.0"
    }
  }
}