{
  "stats": {
    "suites": 2,
    "tests": 1,
    "passes": 1,
    "pending": 0,
    "failures": 0,
    "start": "2022-04-12T09:00:12.810Z",
    "end": "2022-04-12T09:00:13.187Z",
    "duration": 377,
    "testsRegistered": 1,
    "passPercent": 100,
    "pendingPercent": 0,
    "other": 0,
    "hasOther": false,
    "skipped": 0,
    "hasSkipped": false
  },
  "results": [
    {
      "uuid": "8e10e514-c79a-4226-9682-56fe2ba82986",
      "title": "",
      "fullFile": "cypress/integration/api-tastedive-2.spec.js",
      "file": "cypress/integration/api-tastedive-2.spec.js",
      "beforeHooks": [],
      "afterHooks": [],
      "tests": [],
      "suites": [
        {
          "uuid": "05727f45-86fb-4c81-9454-f76d892e0854",
          "title": "Given TasteDive API testing",
          "fullFile": "",
          "file": "",
          "beforeHooks": [],
          "afterHooks": [],
          "tests": [],
          "suites": [
            {
              "uuid": "d53c697f-8f78-4792-b213-b1013e9c9cd4",
              "title": "When a user send GET request to tastedive api/similar with parameters",
              "fullFile": "",
              "file": "",
              "beforeHooks": [],
              "afterHooks": [],
              "tests": [
                {
                  "title": "then it should get tastedive query with parameters and print response",
                  "fullTitle": "Given TasteDive API testing When a user send GET request to tastedive api/similar with parameters then it should get tastedive query with parameters and print response",
                  "timedOut": null,
                  "duration": 300,
                  "state": "passed",
                  "speed": "fast",
                  "pass": true,
                  "fail": false,
                  "pending": false,
                  "context": null,
                  "code": "//using custom command getTastediveRecommendation\ncy.getTastediveRecommendation('stargate', 1, 'movies', 2).then(response => {\n  //print response\n  cy.log(JSON.stringify(response)); //expect code 200\n  expect(response.status).to.eq(200); //expect property Similar\n  expect(response.body).to.have.property('Similar'); //expect 2 as results lenght \n  expect(response.body.Similar.Results.length).to.be.eq(2); //expect \"Stargate\" as results\n  expect(response.body.Similar.Info[0].Name).to.be.eq(\"Stargate\");\n});",
                  "err": {},
                  "uuid": "e5748858-4106-4aa2-8018-2e07e724f723",
                  "parentUUID": "d53c697f-8f78-4792-b213-b1013e9c9cd4",
                  "isHook": false,
                  "skipped": false
                }
              ],
              "suites": [],
              "passes": [
                "e5748858-4106-4aa2-8018-2e07e724f723"
              ],
              "failures": [],
              "pending": [],
              "skipped": [],
              "duration": 300,
              "root": false,
              "rootEmpty": false,
              "_timeout": 2000
            }
          ],
          "passes": [],
          "failures": [],
          "pending": [],
          "skipped": [],
          "duration": 0,
          "root": false,
          "rootEmpty": false,
          "_timeout": 2000
        }
      ],
      "passes": [],
      "failures": [],
      "pending": [],
      "skipped": [],
      "duration": 0,
      "root": true,
      "rootEmpty": true,
      "_timeout": 2000
    }
  ],
  "meta": {
    "mocha": {
      "version": "7.0.1"
    },
    "mochawesome": {
      "options": {
        "quiet": false,
        "reportFilename": "mochawesome",
        "saveHtml": false,
        "saveJson": true,
        "consoleReporter": "spec",
        "useInlineDiffs": false,
        "code": true
      },
      "version": "7.1.3"
    },
    "marge": {
      "options": {
        "reportDir": "cypress/results",
        "overwrite": false,
        "html": false,
        "json": true
      },
      "version": "6.2.0"
    }
  }
}